Compiled jquery.js  (2ms)  (pid 17871)
Compiled jquery_ujs.js  (0ms)  (pid 17871)
Compiled application.js  (371ms)  (pid 17871)
Compiled jquery.js  (2ms)  (pid 17928)
Compiled jquery_ujs.js  (0ms)  (pid 17928)
Compiled application.js  (45ms)  (pid 17928)
Compiled jquery.js  (3ms)  (pid 17994)
Compiled jquery_ujs.js  (0ms)  (pid 17994)
Compiled application.js  (54ms)  (pid 17994)
Compiled jquery.js  (2ms)  (pid 18023)
Compiled jquery_ujs.js  (0ms)  (pid 18023)
Compiled application.js  (59ms)  (pid 18023)
Compiled application.css  (1ms)  (pid 18023)
Compiled jquery.js  (2ms)  (pid 18023)
Compiled jquery_ujs.js  (0ms)  (pid 18023)
Compiled application.js  (46ms)  (pid 18023)
Compiled application.css  (1ms)  (pid 18023)
Compiled jquery.js  (2ms)  (pid 18061)
Compiled jquery_ujs.js  (0ms)  (pid 18061)
Compiled application.js  (58ms)  (pid 18061)
Compiled application.css  (1ms)  (pid 18061)
Compiled jquery.js  (2ms)  (pid 18071)
Compiled jquery_ujs.js  (0ms)  (pid 18071)
Compiled application.js  (48ms)  (pid 18071)
Compiled application.css  (1ms)  (pid 18071)
Compiled jquery.js  (3ms)  (pid 18082)
Compiled jquery_ujs.js  (0ms)  (pid 18082)
Compiled application.js  (49ms)  (pid 18082)
Compiled application.css  (1ms)  (pid 18082)
Compiled jquery.js  (2ms)  (pid 18082)
Compiled jquery_ujs.js  (0ms)  (pid 18082)
Compiled application.js  (45ms)  (pid 18082)
Compiled application.css  (1ms)  (pid 18082)
Compiled jquery.js  (2ms)  (pid 18469)
Compiled jquery_ujs.js  (0ms)  (pid 18469)
Compiled foundation.min.js  (2ms)  (pid 18469)
Compiled application.js  (61ms)  (pid 18469)
Compiled foundation.min.css  (0ms)  (pid 18469)
Compiled application.css  (10ms)  (pid 18469)
Compiled jquery.js  (2ms)  (pid 18469)
Compiled jquery_ujs.js  (0ms)  (pid 18469)
Compiled foundation.min.js  (2ms)  (pid 18469)
Compiled application.js  (57ms)  (pid 18469)
Compiled foundation.min.css  (0ms)  (pid 18469)
Compiled application.css  (11ms)  (pid 18469)
